[  0.0000] Linx vesi 4.15.-36-generic (buildd@lgw01-amd64-031) (gcc version 7.3.0 (Ubuntu 7.3.0-16ubuntu3)) #39-Ubuntu SMP Mon Sep 24 16:19:09 UTC 2018 (Ubuntu 4.15.0-36.39-generic 4.15.18)
[    0.000000] Command line: BOOT_IMAGE=/boot/vmlinuz-4.15.0-36-generic root=LBE=cloudmgroots  consoe=y1 cnse=tt0
[  .00000KERNELupportedcps:[   0.000000]   Inte Geninntel
  0.00000] AMD utnticMD
[    00000]   enau Centuruls[   0.000000 x/fpu: Supprtng XVEfeatre x001 '7 flatg pontegistrs'
[    0.000000] x86/fpu: Supporting XSAVE feature 0x002: 'SSE registers'
[    0.000000] x86/fpu: Supporting XSAVE feature 0x4:'AVXresters'[    00000] 86/fpu: xstate_offset[2]:  576, xstate_sizes[2]:  256
[    0.000000] x86/fpu: Enable xtatefeatures 0x7, context size is 832 bytes, using 'tadard' format.
[  0000000] e820: BIOS-provided physical RAM map:
[    0.000000] BIOS-e820: [mem 0x0000000000000000-0x000000000009fbff] usable
[    0.000000] BIOS-e820: [mem 0x000000000009fc00-0x000000000009ffffreerved
[  00000]BIOS-e82 [em 0000000000f0000-00000000000fff] rseed
[   0.0000] BS-e82: [mm 0000000100000-0x000000003ffeffff] usable
[    0.000000] BIOS-e820: [mem 0x000000003fff0000-0x000000003fffffff] ACI data
  0.0000 BIOS-820: [mem 0x00000f00000-0x00000000fec00fff] reserved
[    0.000000] BIOS-e820: [mem 0x00000000fee00000-0x00000000fee00fff] reserved
[    0.000000] BIOS-e820: [mem 0x00000000fffc0000-0x00000000ffffffff] reserved
[    0.000000] NX (Execute Disable) protection: active
[    0.000000] SMBIOS 2.5 prent.
[   00000]MI: nnek GbHirtualx/irtualox, BIOS VirtualBox 12/01/2006
[   000000]ypervioretected:VM
[  0.00000] e820: as_pn 0x3ff0 max_arch_pfn  0x400000000
[    0.000000] MTRR: Disabled
[    0.000000] x86/PAT: MTRRs disabled, skipping PAT initialization too.
[    0.000000] CPU MTRRs all blank - virtualized system.
[    0.000000] x86/PAT: Configuration [0-7]: WB  WT  UC- UC  WB  WT  UC- UC  
[    .00000foun SP MP-abe t [mem0x0009fff0-0x0009ffff] mapped at [      (trval)
[   0.0000 Snnin 1reasfolow emy coruion
[   00000]AMDIK:mem 0x359d5000-0x36ce1fff]
[    0.000000] ACPI: Early table checksum verification disabled
[    0.000000] ACPI: RSDP 0x00000000000E0000 000024 (v02VB  )
[  0.00000] AC: SDT 00000003FF00 0003Cv01 VBOX   VBOXXST 00001 SL  00000061)
[    0.000000] ACP: FAP 000000FFF00F0 0000F4 (v04 BO  VBXFP 000000ASL 000061)
[   00000]CPI:DS 0x000003F040 001F(v02 VBOX  BOXBIOS0000002 IN 20152)
[    0.0000] ACPI: FACS 0x000000003FFF0200 000040
[    0.000000] ACPI: FACS 0x000000003FFF0200 000040
[    0.000000] ACPI: APIC 0x000000003FFF0240 00005C (v02 VBOX   VBOXAPIC 00000001 ASL  00000061)
[    0.000000] ACPI: SSDT 0x000000003FFF02A0 0001C (v01VBX   VBOXUT 00000 INT200052
    00000]o UMA nfguraonfound
[    0.000000] Faking a node at [mem 0x00000000000000-0x000003ffffff]
[  0.0000] DE_DATA(0)alocat [em 0ff5000x3feffff]
[   00000] kvm-lock:cp 0, msr:3f440, rima cu clock
[   .00000 km-clckUsing sr4b56d0and 4b54d
[   0.0000] vmlock ung sedoffst f 860133661 cycls
[  0000000 clocksource: kvm-clock: mask: 0xffffffffffffffff max_cycles: 0x1cd42e4dffb, max_idle_ns: 881590591483 ns
[    0.000000] Zone ranges:
[    0.000000]   DMA      [mem 0x0000000000001000-0x0000000000ffffff]
[    0.000000]   DMA2    [em0x00000001000000x0000003ffeffff]
[    0.000000]   Normal   empty
[    0.000000]   Device   empty
[    0.000000] Movable zone start for each node
    00000] Early memoryod ranges
[    0.000000]   node   0: [mem 0x0000000000001000-0x000000000009efff]
[    0.000000]   node   0: [mem 0x0000000000100000-0x000000003ffeffff]
[    0.000000] Initmem setup node 0 [mem 0x0000000000001000-0x000000003ffeffff]
[    0.000000] Reserved but unavailable: 98 pages
[    0.000000] ACPI: PM-Timer IO Port: 0x4008
[    0.000000] IOAPIC[0]: apic_id 2, version 32, address 0xfec00000, GSI 0-23
[    0.000000] ACPI: INT_SRC_OVR (bus 0 bus_irq 0 global_irq 2 dfl dfl)
[    0.000000] ACPI: INT_SRC_OVR (bus 0 bus_irq 9 global_irq 9 low level)
[     0.000] Using AI (MADT) orMP configuraton fomaio
[    0.0000]smbo: Allowg  CPs, 0 otlug CPUs[   0.0000] PM: Registered nosave memory: [mem 0x00000000-0x00000fff]
[    0.000000] PM: Registered nosave memory: [mem 0x0009f000-0x0009ffff]
[    0.000000] PM: Registered nosave memory: [mem 0x000a0000-0x000effff]
[    0.000000] PM: Rgiered nosave memory: [mem 0x000f0000-0x000fffff]
[    0.000000] e820: [mem 0x400000000xbfffff ailabe or PCIdevics
[   00000] Booting paravirtualized kernel on KVM
[    0.000000] clocksource: refined-jiffies: mask: 0xffffffff max_cycles: 0xffffffff, max_idle_ns: 7645519600211568 ns
[    0.000000] random: get_random_byts alle fm strterne+0x99/0x4fd with crng_init=0
[    0.000000] setup_percpu: NR_CPUS:8192 nr_cpumask_bits:2 nr_cpu_ids:2 nr_node_ids:1
[    0.000000] percpu: Embedded 46 pages/cpu @        (ptrval) s151552 r8192 d28672 u1048576
[    0.0000] PV qspnlk hash table entries: 256 (order: 0, 4096 bytes)
[    .0000] Built 1 onists, mobility grouping on.  Total pages: 257913
[    0.000000] Policy zone: DMA32
[    0.000000] Kernel command line BT_IMAGE=/boot/vmlinuuz-150-36-geericroot=LBEcloudimg-rootfs ro console=t1 onsole=ttyS0
[    0.000] Memory: 9306K/1480K aaible (1230Kkernecode,24K rwdaa,248Krodata, 2408K iit 24K ss, 50K rervd, 0 c-reserve
[   0.000] SLUB:HWign=, rder-3 Minjets= CPUs=2, Nodes=1
[    0.000000] Kernel/User page tables isolation: enabled
[    0.00000] race: alloatng 3968ntris  154ags
[    0.004000] Hirachica RCU implementation.
[   .00400 	RCU restricting CPUs from NR_CUS812  nr_cpu_is=.
   0004000] 	Tasks RCU enbld.
[  00040]RCU: Adjtinggeetryforcu_fou_leaf=16, nr_cpu_ids=2
[    0.004000] R_QS: 524544, nr_irqs: 440, preloatedrq: 16[   .004000] Console: colour VGA+ 80x25
[    000400]cosole [tty] enabled
[    0.00400] onsol [yS0]enled
[  0.004000]CPI: Core revision 20170831
[    0.004000] ACPI: 2 ACPI AML tables successfully acquired and loaded
[    0.004000] APPIC: Switch to symmetric I/O mode setup
[    0.004233] x2apic enabled
[    0.008007] Switched APIC routing to physical x2apic.
[    0.012868] ..TIMER: vector=0x30 apic1=0 pin1=2 apic2=-1 pin2=-1
[    0.016007] tsc: Detected 1391.999 MHz processor
[    0.020013] Calibrating delay loop (skipped) preset value.. 2783.99 BogoMIPS (lpj=5567996)
[    0.024008] pid_max: default: 32768 minimum: 301
[    0.028061] Security Framework initialized
[    0.032009] Yama: becoming mindful.
[    0.036046] AppArmor: AppArmor initialized
[    0.041417] Dentry cache hash table entries: 131072 (order: 8, 1048576 bytes)
[    0.044087] Inode-cache hash table entries: 65536 (order: 7, 524288 bytes)
[    0.048029] Mount-cache hash table entries: 2048 (order: 2, 16384 bytes)
[    0.052019] Mountpoint-cache hash table entries: 2048 (order: 2, 16384 bytes)
[    0.056207] mce: CPU supports 0 MCE banks
[    0.060023] Last level iTLB entries: 4KB 64, 2MB 8, 4MB 8
[    0.064007] Last level dTLB entries: 4KB 64, 2MB 0, 4MB 0, 1GB 4
[    0.068006] Spectre V2 : Mitigation: Full generic retpoline
[    0.072005] Spectre V2 : Spectre v2 / SpectreRSB mitigation: Filling RSB on context switch
[    0.076056] Speculative Store Bypass: Vulnerable
[    0.080101] Freeing SMP alternatives memory: 36K
[    0.088000] smpboot: CPU0: Intel(R) Core(TM) i7-7Y75 CPU @ 1.30GHz (family: 0x6, model: 0x8e, stepping: 0x9)
[    0.088107] Performance Events: unsupported p6 CPU model 142 no PMU driver, software events only.
[    0.092062] Hierarchical SRCU implementation.
[    0.096554] NMI watchdog: Perf event create on CPU 0 failed with -2
[    0.100006] NMI watchdog: Perf NMI watchdog permanently disabled
[    0.104074] smp: Bringing up secondary CPUs ...
[    0.108113] x86: Booting SMP configuration:
[    0.112009] .... node  #0, CPUs:      #1
[    0.004000] kvm-clock: cpu 1, msr 0:3ff44041, secondary cpu clock
[    0.004000] mce: CPU supports 0 MCE banks
[    0.139587] smp: Brought up 1 node, 2 CPUs
[    0.140015] smpboot: Max logical packages: 1
[    0.144008] smpboot: Total of 2 processors activated (5567.99 BogoMIPS)
[    0.148156] devtmpfs: initialized
[    0.152056] x86/mm: Memory block size: 128MB
[    0.156128] evm: security.selinux
[    0.160008] evm: security.SMACK64
[    0.164004] evm: security.SMACK64EXEC
[    0.168006] evm: security.SMACK64TRANSMUTE
[    0.169009] evm: security.SMACK64MMAP
[    0.172019] evm: security.apparmor
[    0.176006] evm: security.ima
[    0.180004] evm: security.capability
[    0.184141] clocksource: jiffies: mask: 0xffffffff max_cycles: 0xffffffff, max_idle_ns: 7645041785100000 ns
[    0.188019] futex hash table entries: 512 (order: 3, 32768 bytes)
[    0.196072] pinctrl core: initialized pinctrl subsystem
[    0.201461] RTC time:  4:28:42, date: 11/08/18
[    0.204263] NET: Registered protocol family 16
[    0.208091] audit: initializing netlink subsys (disabled)
[    0.216070] audit: type=2000 audit(1541651311.627:1): state=initialized audit_enabled=0 res=1
[    0.292014] cpuidle: using governor ladder
[    0.296026] cpuidle: using governor menu
[    0.300097] ACPI: bus type PCI registered
[    0.304008] acpiphp: ACPI Hot Plug PCI Controller Driver version: 0.5
[    0.312097] PCI: Using configuration type 1 for base access
[    0.316952] HugeTLB registered 2.00 MiB page size, pre-allocated 0 pages
[    0.320138] ACPI: Added _OSI(Module Device)
[    0.324008] ACPI: Added _OSI(Processor Device)
[    0.328007] ACPI: Added _OSI(3.0 _SCP Extensions)
[    0.332005] ACPI: Added _OSI(Processor Aggregator Device)
[    0.336007] ACPI: Added _OSI(Linux-Dell-Video)
[    0.337121] ACPI: Added _OSI(Linux-Lenovo-NV-HDMI-Audio)
[    0.338751] ACPI: Executed 1 blocks of module-level executable AML code
[    0.342795] ACPI: Interpreter enabled
[    0.344024] ACPI: (supports S0 S5)
[    0.348007] ACPI: Using IOAPIC for interrupt routing
[    0.356247] PCI: Using host bridge windows from ACPI; if necessary, use "pci=nocrs" and repoot a bug
[    0.360206] ACPI: Enabled 2 GPEs in block 00 to 07
[    0.372959] ACPI: PCI Root Bridge [PCI0] (domain 0000 [bus 00-ff])
[    0.376021] acpi PNP0A03:00: _OSC: OS supports [ASPM ClockPM Segments MSI]
[    0.380068] acpi PNP0A03:00: _OSC: not requesting OS control; OS requires [ExtendedConfig ASPM ClockPM MSI]
[    0.384029] acpi PNP0A03:00: fail to add MMCONFIG information, can't access extended PCI configuration space under this bridge.
[    0.388420] PCI host bridge to bus 0000:00
[    0.392008] pci_bus 0000:00: root bus resource [io  0x0000-0x0cf7 window]
[    0.396008] pci_bus 0000:00: root bus resource [io  0x0d00-0xffff window]
[    0.400007] pci_bus 0000:00: root bus resource [mem 0x000a0000-0x000bffff window]
[    0.404011] pci_bus 0000:00: root bus resource [mem 0x40000000-0xfdffffff window]
[    0.408011] pci_bus 0000:00: root bus resource [bus 00-ff]
[    0.416321] pci 0000:00:01.1: legacy IDE quirk: reg 0x10: [io  0x01f0-0x01f7]
[    0.420009] pci 0000:00:01.1: legacy IDE quirk: reg 0x14: [io  0x03f6]
[    0.424009] pci 0000:00:01.1: legacy IDE quirk: reg 0x18: [io  0x0170-0x0177]
[    0.428011] pci 0000:00:01.1: legacy IDE quirk: reg 0x1c: [io  0x0376]
[    0.450777] pci 0000:00:07.0: quirk: [io  0x4000-0x403f] claimed by PIIX4 ACPI
[    0.452045] pci 0000:00:07.0: quirk: [io  0x4100-0x410f] claimed by PIIX4 SMB
[    0.469697] ACPI: PCI Interrupt Link [LNKA] (IRQs 5 9 10 *11)
[    0.476021] ACPI: PCI Interrupt Link [LNKB] (IRQs 5 9 *10 11)
[    0.480161] ACPI: PCI Interrupt Link [LNKC] (IRQs 5 *9 10 11)
[    0.484157] ACPI: PCI Interrupt Link [LNKD] (IRQs 5 9 10 *11)
[    0.492270] SCSI subsystem initialized
[    0.496072] pci 0000:00:02.0: vgaarb: setting as boot VGA device
[    0.500000] pci 0000:00:02.0: vgaarb: VGA device added: decodes=io+mem,owns=io+mem,locks=none
[    0.500011] pci 0000:00:02.0: vgaarb: bridge control possible
[    0.504006] vgaarb: loaded
[    0.508053] ACPI: bus type USB registered
[    0.512032] usbcore: registered new interface driver usbfs
[    0.516035] usbcore: registered new interface driver hub
[    0.520059] usbcore: registered new device driver usb
[    0.524096] EDAC MC: Ver: 3.0.0
[    0.532278] PCI: Using ACPI for IRQ routing
[    0.540338] NetLabel: Initializing
[    0.544004] NetLabel:  domain hash size = 128
[    0.548006] NetLabel:  protocols = UNLABELED CIPSOv4 CALIPSO
[    0.552039] NetLabel:  unlabeled traffic allowed by default
[    0.560082] clocksource: Switched to clocksource kvm-clock
[   .6039] S:isk quotas dquot_6.6.0
[    0.844139] VFS: Dquot-cache hash table entries: 512 (order 0, 4096 bytes)
[    0.845890] AppArmor: AppArmor Filesystem Enabled
[    0.847051] pnp: PnP ACPI init
[  0492] pnp: PnP ACPI: found 3 devices

[  08896] clocsoceac_p mk:xfff m_cle 0ffff, x_les:08014 s
[  1.587] NT:egted otolamy 

[    .444] P taished hshab eri: 19(ode 4 65536 yt)
[   .206 T bd shab etrs:19(oer5, 31072byts)[  35346] TCP: Hash tables conigedesblhe81 bind 192
[  4044]DPastae trs:512(ode 21684 bytes
   5689]DPLie shab eri: 12orr:, 38bys)
[   5928]NE: egistered protocol family 1
[   6.0905]ci00000. Litg ret I/I aner
[  6512]pc000:0:010:Activating ISA DMA hang workarounds
[    7.057655] pci 0000:00:02.0: Video device wih shadowed ROM t [mm 0x00c0000-0x000dffff]

[    7.219559] Unpckg itmf..

[    7.719483] Freeing initrd memory: 19508K
[    7.735201] platform rtc_cmos: registered platform RTC device (no PNP device found)
[    7.846240] Scanning for low memory corruption every 60 seconds
[    7.878096] Initialise system trusted keyrings
[    7.881517] Key type blacklist registered
[    7.894192] workingset: timestamp_bits=36 max_order=18 bucket_order=0
[    7.919821] zbud: loaded
[    7.930163] squashfs: version 4.0 (2009/01/31) Phillip Lougher
[    7.949634] fuse init (API version 7.26)
[    8.006592] Key type asymmetric registered
[    8.009542] Asymmetric key parser 'x509' registered
[    8.068438] Block layer SCSI generic (bsg) driver version 0.4 loaded (major 246)
[    8.180610] io scheduler noop registered
[    8.209806] io scheduler deadline registered
[    8.211005] io scheduler cfq registered (default)
[    8.222271] ACPI: AC Adapter [AC] (on-line)
[    8.284531] input: Power Button as /devices/LNXSYSTM:00/LNXPWRBN:00/input/input0
[    8.341849] ACPI: Power Button [PWRF]
[    8.393730] input: Sleep Button as /devices/LNXSYSTM:00/LNXSLPBN:00/input/input1
[    8.464437] ACPI: Sleep Button [SLPF]
[    8.52756AC: tty ot[B0]baerprse)[    85322] ri: 50650 rir,2 rt IRQ sharing enabled

[    9.085147] 00:02: ttyS0 at I/O 0x3f8 (irq = 4, base_baud = 115200) is a 16550A
[    9.613382] Linux agpgart interface v0.103
[    9.720428] tsc: Refined TSC clocksource calibration: 1392.344 MHz
[    9.737378] clocksource: tsc: mask: 0xffffffffffffffff max_cycles: 0x1411dff57f9, max_idle_ns: 440795216938 ns
[    9.876211] loop: module loaded
[    9.921966] scsi host0: ata_piix
[    9.934700] scsi host1: ata_piix
[    9.969263] ata1: PATA max UDMA/33 cmd 0x1f0 ctl 0x3f6 bmdma 0xd000 irq 14
[    9.990007] ata2: PATA max UDMA/33 cmd 0x170 ctl 0x376 bmdma 0xd008 irq 15
[    9.992138] libphy: Fixed MDIO Bus: probed
[   10.019663] tun: Universal TUN/TAP device driver, 1.6
[   10.045686] PPP generic driver version 2.4.2
[   10.111616] ehci_hcd: USB 2.0 'Enhanced' Host Controller (EHCI) Driver
[   10.144441] ehci-pci: EHCI PCI platform driver
[   10.175745] ehci-platform: EHCI generic platform driver
[   10.177179] ohci_hcd: USB 1.1 'Open' Host Controller (OHCI) Driver
[   10.259900] ohci-pci: OHCI PCI platform driver
[   10.300448] ohci-platform: OHCI generic platform driver
[   10.345767] uhci_hcd: USB Universal Host Controller Interface driver
[   10.414534] i8042: PNP: PS/2 Controller [PNP0303:PS2K,PNP0f03:PS2M] at 0x60,0x64 irq 1,12
[   10.457266] serio: i8042 KBD port at 0x60,0x64 irq 1
[   10.458663] serio: i8042 AUX port at 0x60,0x64 irq 12
[   10.482900] mousedev: PS/2 mouse device common for all mice
[   10.510165] input: AT Translated Set 2 keyboard as /devices/platform/i8042/serio0/input/input2
[   10.545121] rtc_cmos rtc_cmos: rtc core: registered rtc_cmos as rtc0
[   10.550804] rtc_cmos rtc_cmos: alarms up to one day, 114 bytes nvram
[   10857]2cdev entresriver
[   10.881847] pcie_mp2_amd: AMD(R) PCI-E MP2 Communication Driver Version: 1.0
[   10.966628] device-mapper: uevent: version 1.0.3
[   11.030086] device-mapper: ioctl: 4.37.0-ioctl (2017-09-20) initialised: dm-devel@redhat.com
[   11.168595] ledtrig-cpu: registered to indicate activity on CPUs
[   11.287487] NET: Registered protocol family 10
[   11.359939] Segment Routing with IPv6
[   11.406088] NET: Registered protocol family 17
[   11.462648] Key type dns_resolver registered
[   11.544448] RAS: Correctable Errors collector initialized.
[   11.591265] sched_clock: Marking stable (11591210444, 0)->(31602676532, -20011466088)
[   11.670222] registered taskstats version 1
[   11.742102] Loading compiled-in X.509 certificates
[   11.847922] Loaded X.509 cert 'Build time autogenerated kernel key: fcd93cd0852f7ae1da10896371e06e3c19479c00'
[   11.945352] zswap: loaded using pool lzo/zbud
[   12.021816] Key type big_key registered
[   12.080664] Key type trusted registered
[   12.130506] Key type encrypted registered
[   12.196540] AppArmor: AppArmor sha1 policy hashing enabled
[   12.284236] ima: No TPM chip found, activating TPM-bypass! (rc=-19)
[   12.385991] ima: Allocated hash algorithm: sha1
[   12.455991] evm: HMAC attrs: 0x1
[   12.505797]   Magic number: 10:977:463
[   12.564794] rtc_cmos rtc_cmos: setting system clock to 2018-11-08 04:28:58 UTC (1541651338)
[   12.700964] BIOS EDD facility v0.16 2004-Jun-25, 0 devices found
[   12.792751] EDD information not available.
[   12.891040] Freeing unused kernel memory: 2408K
[   12.960749] Write protecting the kernel read-only data: 20480k
[   13.079728] Freeing unused kernel memory: 2008K
[   14.095918] Freeing unused kernel memory: 1896K
[   15.081639] x86/mm: Checked W+X mappings: passed, no W+X pages found.
[   16.205023] x86/mm: Checking user space page tables
[   17.144347] x86/mm: Checked W+X mappings: passed, no W+X pages found.
Loading, please wait...
starting version 237
[   18.619332] e1000: Intel(R) PRO/1000 Network Driver - version 7.3.21-k8-NAPI
[   18.676499] e1000: Copyright (c) 1999-2006 Intel Corporation.
[   18.735470] Fusion MPT base driver 3.04.20
[   18.775611] Copyright (c) 1999-2008 LSI Corporation
[   18.837225] AVX2 version of gcm_enc/dec engaged.
[   18.874861] AES CTR mode by8 optimization enabled
[   18.892749] Fusion MPT SPI Host driver 3.04.20
[   19.044098] input: ImExPS/2 Generic Explorer Mouse as /devices/platform/i8042/serio1/input/input4
[   19.299968] e1000 0000:00:03.0 eth0: (PCI:33MHz:32-bit) 02:29:f3:15:fd:bb
[   19.676739] e1000 0000:00:03.0 eth0: Intel(R) PRO/1000 Network Connection
[   20.243487] e1000 0000:00:08.0 eth1: (PCI:33MHz:32-bit) 08:00:27:c0:53:1d
[   20.657065] e1000 0000:00:08.0 eth1: Intel(R) PRO/1000 Network Connection
[   20.686831] e1000 0000:00:08.0 enp0s8: renamed from eth1
[   20.732307] mptbase: ioc0: Initiating bringup
[   20.774550] e1000 0000:00:03.0 enp0s3: renamed from eth0
[   20.873393] ioc0: LSI53C1030 A0: Capabilities={Initiator}
[   21.132219] scsi host2: ioc0: LSI53C1030 A0, FwRev=00000000h, Ports=1, MaxQ=256, IRQ=20
[   21.353548] scsi 2:0:0:0: Direct-Access     VBOX     HARDDISK         1.0  PQ: 0 ANSI: 5
[   21.488243] scsi target2:0:0: Beginning Domain Validation
[   21.529218] scsi target2:0:0: Domain Validation skipping write tests
[   21.623482] scsi target2:0:0: Ending Domain Validation
[   21.645758] scsi target2:0:0: asynchronous
[   21.721373] scsi 2:0:1:0: Direct-Access     VBOX     HARDDISK         1.0  PQ: 0 ANSI: 5
[   21.888173] scsi target2:0:1: Beginning Domain Validation
[   21.919614] random: fast init done
[   22.519188] scsi target2:0:1: Domain Validation skipping write tests
[   22.611382] scsi target2:0:1: Ending Domain Validation
[   22.660116] scsi target2:0:1: asynchronous
[   22.706901] random: systemd-udevd: uninitialized urandom read (16 bytes read)
[   22.728563] sd 2:0:0:0: Attached scsi generic sg0 type 0
[   22.782326] random: systemd-udevd: uninitialized urandom read (16 bytes read)
[   22.883293] random: systemd-udevd: uninitialized urandom read (16 bytes read)
[   22.883421] sd 2:0:1:0: Attached scsi generic sg1 type 0
[   22.883647] sd 2:0:1:0: [sdb] 20480 512-byte logical blocks: (10.5 MB/10.0 MiB)
[   22.883700] sd 2:0:1:0: [sdb] Write Protect is off
[   22.883804] sd 2:0:1:0: [sdb] Incomplete mode parameter data
[   22.883805] sd 2:0:1:0: [sdb] Assuming drive cache: write through
[   22.887468] sd 2:0:1:0: [sdb] Attached SCSI disk
[   22.932953] sd 2:0:0:0: [sda] 20971520 512-byte logical blocks: (10.7 GB/10.0 GiB)
[   22.933074] sd 2:0:0:0: [sda] Write Protect is off
[   22.933226] sd 2:0:0:0: [sda] Incomplete mode parameter data
[   22.933228] sd 2:0:0:0: [sda] Assuming drive cache: write through
[   22.934883]  sda: sda1
[   22.935595] sd 2:0:0:0: [sda] Attached SCSI disk
Begin: Loading essential drivers ... [   24.628110] raid6: sse2x1   gen() 11438 MB/s
[   24.732703] raid6: sse2x1   xor()  8556 MB/s
[   24.820331] raid6: sse2x2   gen() 14050 MB/s
[   24.932663] raid6: sse2x2   xor()  9025 MB/s
[   25.004346] raid6: sse2x4   gen() 14597 MB/s
[   25.104119] raid6: sse2x4   xor() 10216 MB/s
[   25.194374] raid6: avx2x1   gen() 22527 MB/s
[   25.264117] raid6: avx2x1   xor()  8292 MB/s
[   25.324090] raid6: avx2x2   gen() 26711 MB/s
[   25.428566] raid6: avx2x2   xor() 18085 MB/s
[   25.520472] raid6: avx2x4   gen() 30864 MB/s
[   25.612086] raid6: avx2x4   xor() 19471 MB/s
[   25.667521] raid6: using algorithm avx2x4 gen() 30864 MB/s
[   25.735351] raid6: .... xor() 19471 MB/s, rmw enabled
[   25.807122] raid6: using avx2x2 recovery algorithm
[   25.882701] xor: automatically using best checksumming function   avx       
[   25.976975] async_tx: api initialized (async)
done.
Begin: Running /scripts/init-premount ... done.
Begin: Mounting root file system ... Begin: Running /scripts/local-top ... done.
Begin: Running /scripts/local-premount ... [   26.096577] Btrfs loaded, crc32c=crc32c-intel
Scanning for Btrfs filesystems
done.
Warning: fsck no[   26.196939] EXT4-fs (sda1): mounted filesystem with ordered data mode. Opts: (null)
t present, so skipping root file system
done.
Begin: Running /scripts/local-bottom ... done.
Begin: Running /scripts/init-bottom ... done.
[   26.547044] ip_tables: (C) 2000-2006 Netfilter Core Team
[   27.562071] systemd[1]: systemd 237 running in system mode. (+PAM +AUDIT +SELINUX +IMA +APPARMOR +SMACK +SYSVINIT +UTMP +LIBCRYPTSETUP +GCRYPT +GNUTLS +ACL +XZ +LZ4 +SECCOMP +BLKID +ELFUTILS +KMOD -IDN2 +IDN -PCRE2 default-hierarchy=hybrid)
[   32.029792] systemd[1]: Detected virtualization oracle.
[   32.086297] systemd[1]: Detected architecture x86-64.

Welcome to [1mUbuntu 18.04.1 LTS[0m!

[   32.170682] systemd[1]: Set hostname to <ubuntu-bionic>.
[   32.580927] systemd[1]: Reached target Swap.
[[0;32m  OK  [0m] Reached target Swap.
[   32.640686] systemd[1]: Started Forward Password Requests to Wall Directory Watch.
[[0;32m  OK  [0m] Started Forward Password Requests to Wall Directory Watch.
[   32.728946] systemd[1]: Created slice System Slice.
[[0;32m  OK  [0m] Created slice System Slice.
[   32.805455] systemd[1]: Listening on Syslog Socket.
[[0;32m  OK  [0m] Listening on Syslog Socket.
[   32.882570] systemd[1]: Listening on Journal Audit Socket.
[[0;32m  OK  [0m] Listening on Journal Audit Socket.
[   32.948627] systemd[1]: Listening on LVM2 poll daemon socket.
[[0;32m  OK  [0m] Listening on LVM2 poll daemon socket.
[   33.020493] systemd[1]: Listening on Network Service Netlink Socket.
[[0;32m  OK  [0m] Listening on Network Service Netlink Socket.
[   33.115005] systemd[1]: Listening on udev Kernel Socket.
[[0;32m  OK  [0m] Listening on udev Kernel Socket.
[   33.213618] systemd[1]: Listening on udev Control Socket.
[[0;32m  OK  [0m] Listening on udev Control Socket.
[   33.316767] systemd[1]: Listening on Device-mapper event daemon FIFOs.
[[0;32m  OK  [0m] Listening on Device-mapper event daemon FIFOs.
[[0;32m  OK  [0m] Reached target System Time Synchronized.
[[0;32m  OK  [0m] Listening on LVM2 metadata daemon socket.
[[0;32m  OK  [0m] Reached target User and Group Name Lookups.
[[0;32m  OK  [0m] Created slice User and Session Slice.
[[0;32m  OK  [0m] Reached target Slices.
[[0;32m  OK  [0m] Listening on /dev/initctl Compatibility Named Pipe.
[[0;32m  OK  [0m] Created slice system-serial\x2dgetty.slice.
[[0;32m  OK  [0m] Listening on Journal Socket.
         Mounting Huge Pages File System...
         Starting Load Kernel Modules...
[   33.800217] Loading iSCSI transport class v2.0-870.
         Mounting Kernel Debug File System...
         [   33.889792] iscsi: registered transport (tcp)
Starting Uncomplicated firewall...
         Startin[   33.982763] iscsi: registered transport (iser)
g Monitoring of LVM2 mirrors…ng dmeventd or pr[   34.050438] random: crng init done
ogress polling..[   34.111534] random: 7 urandom warning(s) missed due to ratelimiting
.
         Starting Set the console keyboard layout...
         Mounting POSIX Message Queue File System...
         Starting udev Coldplug all Devices...
         Starting Create list of required st…ce nodes for the current kernel...
         Startin[   34.381226] EXT4-fs (sda1): re-mounted. Opts: (null)
g Remount Root and Kernel File Systems...
[[0;32m  OK  [0m] Set up automount Arbitrary Executab…rmats File System Automount Point.
[[0;32m  OK  [0m] Listening on Journal Socket (/dev/log).
         Starting Journal Service...
[[0;32m  OK  [0m] Mounted Huge Pages File System.
[[0;32m  OK  [0m] Started Journal Service.
[[0;32m  OK  [0m] Started Load Kernel Modules.
[[0;32m  OK  [0m] Mounted Kernel Debug File System.
[[0;32m  OK  [0m] Started Uncomplicated firewall.
[[0;32m  OK  [0m] Started Set the console keyboard layout.
[[0;32m  OK  [0m] Mounted POSIX Message Queue File System.
[[0;32m  OK  [0m]]Started Create list of required sta…vice nodes for the current kernel.
[[0;32m  OK  [0m] Started Remount Root and Kernel File Systems.
[[0;32m  OK  [0m] Started udev Coldplug all Devices.
[[0;32m  OK  [0m] Started LVM2 metadata daemon.
         Starting Initial cloud-init job (pre-networking)...
         Starting Load/Save Random Seed...
         Starting Create Static Device Nodes in /dev...
         Mounting Kernel Configuration File System...
         Mounting FUSE Control File System...
         Starting Apply Kernel Variables...
         Starting Flush Journal to Persistent Storage...
[[0;32m  OK  [0m] Started Monitoring of LVM2 mirrors,…sing dmeventd or progress polling.
[[0;32m  OK  [0m] Started Load/Save Random Seed.
[[0;32m  OK  [0m] Started Create Static Device Nodes in /dev.
[[0;32m  OK  [0m] Mounted Kernel Configuration File System.
[[0;32m  OK  [0m] Mounted FUSE Control File System.
[[0;32m  OK  [0m] Started Apply Kernel Variables.
         Starting udev Kernel Device Manager...
[[0;32m  OK  [0m] Reached target Local File Systems (Pre).
[[0;32m  OK  [0m] Reached target Local File Systems.
         Starting Set console font and keymap...
         Starting AppArmor initialization...
         Starting ebtables ruleset management...
         Starting Tell Plymouth To Write Out Runtime Data...
[[0;32m  OK  [0m] Started udev Kernel Device Manager.
[[0;32m  OK  [0m] Started Set console font and keymap.
[[0;32m  OK  [0m] Started Dispatch Password Requests to Console Directory Watch.
[[0;32m  OK  [0m] Reached target Local Encrypted Volumes.
[[0;32m  OK  [0m] Started Tell Plymouth To Write Out Runtime Data.
[[0;32m  OK  [0m] Started ebtables ruleset management.
[[0;32m  OK  [0m] Started Flush Journal to Persistent Storage.
[[0;32m  OK  [0m] Found device /dev/ttyS0.
[[0;32m  OK  [0m] Listening on Load/Save RF Kill Switch Status /dev/rfkill Watch.
         Starting Create Volatile Files and Directories...
[[0;32m  OK  [0m] Started Create Volatile Files and Directories.
         Starting Update UTMP about System Boot/Shutdown...
[[0;32m  OK  [0m] Started Update UTMP about System Boot/Shutdown.
[[0;32m  OK  [0m] Started AppArmor initialization.
[   37.055240] cloud-init[411]: Cloud-init v. 18.3-9-g2e62cb8a-0ubuntu1~18.04.2 running 'init-local' at Thu, 08 Nov 2018 04:29:22 +0000. Up 36.83 seconds.
[[0;32m  OK  [0m] Started Initial cloud-init job (pre-networking).
[[0;32m  OK  [0m] Reached target Network (Pre).
         Starting Network Service...
[[0;32m  OK  [0m] Started Network Service.
         Starting Wait for Network to be Configured...
         Starting Network Name Resolution...
[[0;32m  OK  [0m] Started Network Name Resolution.
[[0;32m  OK  [0m] Reached target Host and Network Name Lookups.
[[0;32m  OK  [0m] Reached target Network.
[[0;32m  OK  [0m] Started Wait for Network to be Configured.
         Starting Initial cloud-init job (metadata service crawler)...
[   40.366976] cloud-init[642]: Cloud-init v. 18.3-9-g2e62cb8a-0ubuntu1~18.04.2 running 'init' at Thu, 08 Nov 2018 04:29:25 +0000. Up 39.72 seconds.
[   40.406713] cloud-init[642]: ci-info: ++++++++++++++++++++++++++++++++++++++Net device info+++++++++++++++++++++++++++++++++++++++
[   40.416574] cloud-init[642]: ci-info: +--------+------+-----------------------------+---------------+--------+-------------------+
[   40.424825] cloud-init[642]: ci-info: | Device |  Up  |           Address           |      Mask     | Scope  |     Hw-Address    |
[[   40.480536] cloud-init[642]: ci-info: +--------+------+-----------------------------+---------------+--------+-------------------+
[0;32m  OK  [0m] Started Initial cloud-init job (metadata service crawler).
[   40.481122] cloud-init[642]: ci-info: | enp0s3 | True |          10.0.2.15          | 255.255.255.0 | global | 02:29:f3:15:fd:bb |
[   40.605444] cloud-init[642]: ci-info: | enp0s3 | True |  fe80::29:f3ff:fe15:fdbb/64 |       .       |  link  | 02:29:f3:15:fd:bb |
[   40.605668] cloud-init[642]: ci-info: | enp0s8 | True |        192.168.33.10        | 255.255.255.0 | global | 08:00:27:c0:53:1d |
[[0;32m  OK  [0m] Reached target System Initialization.
[   40.606354] cloud-init[642]: ci-info: | enp0s8 | True | fe80::a00:27ff:fec0:531d/64 |       .       |  link  | 08:00:27:c0:53:1d |
[[   40.737316] cloud-init[642]: ci-info: |   lo   | True |          127.0.0.1          |   255.0.0.0   |  host  |         .         |
[0;32m  OK  [0m] Started Daily apt download activities.
[   40.738376] cloud-init[642]: ci-info: |   lo   | True |           ::1/128           |       .       |  host  |         .         |
[[0;32m  OK  [0m] Started Discard unused blocks once a week.
[   40.800491] cloud-init[642]: ci-info: +--------+------+-----------------------------+---------------+--------+-------------------+
         Starting Socket activation for snappy daemon.[   40.848980] 
cloud-init[642]: ci-info: +++++++++++++++++++++++++++++Route IPv4 info+++++++++++++++++++++++++++++
[[0;32m  OK  [0m[   40.940661] ] cloud-initStarted Daily apt upgrade and clean activities.[642]: 
ci-info: +-------+--------------+----------+-----------------+-----------+-------+
[[   40.941243] cloud-init[642]: ci-info: | Route | Destination  | Gateway  |     Genmask     | Interface | Flags |
[   41.028917] cloud-init[642]: ci-info: +-------+--------------+----------+-----------------+-----------+-------+
[0;32m  OK  [0m] Started Message of the Day.
[[   41.029270] cloud-init[642]: ci-info: |   0   |   0.0.0.0    | 10.0.2.2 |     0.0.0.0     |   enp0s3  |   UG  |
[   41.128787] cloud-init[642]: ci-info: |   1   |   10.0.2.0   | 0.0.0.0  |  255.255.255.0  |   enp0s3  |   U   |
[   41.129098] cloud-init[642]: ci-info: |   2   |   10.0.2.2   | 0.0.0.0  | 255.255.255.255 |   enp0s3  |   UH  |
[   41.132139] cloud-init[642]: ci-info: |   3   | 192.168.33.0 | 0.0.0.0  |  255.255.255.0  |   enp0s8  |   U   |
[0;32m  OK  [0m] Started Daily Cleanup of Temporary Directories.
[   41.132283] cloud-init[642]: ci-info: +-------+--------------+----------+-----------------+-----------+-------+
[[   41.259289] cloud-init[642]: ci-info: +++++++++++++++++++Route IPv6 info+++++++++++++++++++
[   41.259650] cloud-init[642]: ci-info: +-------+-------------+---------+-----------+-------+
[0;32m  OK  [0m] Listening on ACPID Listen Socket.
[   41.259875] cloud-init[642]: ci-info: | Route | Destination | Gateway | Interface | Flags |
[[   41.382470] cloud-init[642]: ci-info: +-------+-------------+---------+-----------+-------+
[   41.382638] cloud-init[642]: ci-info: |   1   |  fe80::/64  |    ::   |   enp0s3  |   U   |
[0;32m  OK  [0m] Listening on UUID daemon activation socket.
[   41.382984] cloud-init[642]: ci-info: |   2   |  fe80::/64  |    ::   |   enp0s8  |   U   |
[[0;32m  OK  [0m[   41.495957] ] cloud-initStarted ACPI Events Check.[642]: 
ci-info: |   4   |    local    |    ::   |   enp0s3  |   U   |
[[   41.572341] cloud-init[642]: ci-info: |   5   |    local    |    ::   |   enp0s8  |   U   |
[   41.572649] cloud-init[642]: ci-info: |   6   |   ff00::/8  |    ::   |   enp0s3  |   U   |
[0;32m  OK  [0m] Reached target Paths.
[   41.572949] cloud-init[642]: ci-info: |   7   |   ff00::/8  |    ::   |   enp0s8  |   U   |
[[   41.668433] cloud-init[642]: ci-info: +-------+-------------+---------+-----------+-------+
[0;32m  OK  [0m] Listening on D-Bus System Message Bus Socket.
[[0;32m  OK  [0m] Reached target Timers.
[[0;32m  OK  [0m] Listening on Open-iSCSI iscsid Socket.
         Starting LXD - unix socket.
[[0;32m  OK  [0m] Reached target Cloud-config availability.
[[0;32m  OK  [0m] Reached target Network is Online.
[[0;32m  OK  [0m] Reached target Remote File Systems (Pre).
[[0;32m  OK  [0m] Reached target Remote File Systems.
         Starting Availability of block devices...
[[0;32m  OK  [0m] Listening on Socket activation for snappy daemon.
[[0;32m  OK  [0m] Listening on LXD - unix socket.
[[0;32m  OK  [0m] Started Availability of block devices.
[[0;32m  OK  [0m] Reached target Sockets.
[[0;32m  OK  [0m] Reached target Basic System.
         Starting System Logging Service...
         Starting Permit User Sessions...
[[0;32m  OK  [0m] Started Regular background program processing daemon.
         Starting LSB: automatic crash report generation...
         Starting Accounts Service...
[[0;32m  OK  [0m] Started Unattended Upgrades Shutdown.
         Starting OpenBSD Secure Shell server...
[[0;32m  OK  [0m] Started Deferred execution scheduler.
[[0;32m  OK  [0m] Started irqbalance daemon.
[[0;32m  OK  [0m] Started FUSE filesystem for LXC.
         Starting LXD - container startup/shutdown...
[[0;32m  OK  [0m] Started D-Bus System Message Bus.
         Starting Dispatcher daemon for systemd-networkd...
         Starting vboxadd.service...
         Starting Login Service...
         Starting LSB: Record successful boot for GRUB...
         Starting Snappy daemon...
[[0;32m  OK  [0m] Started System Logging Service.
[[0;32m  OK  [0m] Started Permit User Sessions.
[[0;32m  OK  [0m] Started LXD - container startup/shutdown.
[[0;32m  OK  [0m] Started OpenBSD Secure Shell server.
[[0;32m  OK  [0m] Started Login Service.
         Starting Authorization Manager...
         Starting Terminate Plymouth Boot Screen...
         Starting Hold until boot process finishes up...
[[0;32m  OK  [0m] Started LSB: automatic crash report generation.
[[0;32m  OK  [0m] Started LSB: Record successful boot for GRUB.
[[0;32m  OK  [0m] Started Terminate Plymouth Boot Screen.
[[0;32m  OK  [0m] Started Snappy daemon.
[[0;32m  OK  [0m] Started Hold until boot process finishes up.
[[0;32m  OK  [0m] Started Authorization Manager.
[[0;32m  OK  [0m] Started Accounts Service.
         Starting Set console scheme...
[[0;32m  OK  [0m] Started Serial Getty on ttyS0.
         Starting Wait until snapd is fully seeded...
[[0;32m  OK  [0m] Started Dispatcher daemon for systemd-networkd.
[[0;32m  OK  [0m] Started Set console scheme.
[[0;32m  OK  [0m] Started vboxadd.service.
[[0;32m  OK  [0m] Started Wait until snapd is fully seeded.
[[0;32m  OK  [0m] Created slice User Slice of vagrant.
         Starting Apply the settings specified in cloud-config...
         Starting vboxadd-service.service...
[[0;32m  OK  [0m] Created slice system-getty.slice.
[[0;32m  OK  [0m] Started Getty on tty1.
[[0;32m  OK  [0m] Reached target Login Prompts.
         Starting User Manager for UID 1000...
[[0;32m  OK  [0m] Started Session 1 of user vagrant.
[[0;32m  OK  [0m] Started vboxadd-service.service.
[[0;32m  OK  [0m] Reached target Multi-User System.
[[0;32m  OK  [0m] Reached target Graphical Interface.
         Starting Update UTMP about System Runlevel Changes...
[[0;32m  OK  [0m] Started User Manager for UID 1000.
[[0;32m  OK  [0m] Started Update UTMP about System Runlevel Changes.
[   44.288555] cloud-init[970]: Cloud-init v. 18.3-9-g2e62cb8a-0ubuntu1~18.04.2 running 'modules:config' at Thu, 08 Nov 2018 04:29:29 +0000. Up 44.03 seconds.
[[0;32m  OK  [0m] Started Apply the settings specified in cloud-config.
         Starting Execute cloud user/final scripts...
[   45.256407] cloud-init[1092]: Cloud-init v. 18.3-9-g2e62cb8a-0ubuntu1~18.04.2 running 'modules:final' at Thu, 08 Nov 2018 04:29:30 +0000. Up 44.96 seconds.
[   45.271173] cloud-init[1092]: Cloud-init v. 18.3-9-g2e62cb8a-0ubuntu1~18.04.2 finished at Thu, 08 Nov 2018 04:29:31 +0000. Datasource DataSourceNoCloud [seed=/dev/sdb][dsmode=net].  Up 45.24 seconds
[[0;32m  OK  [0m] Started Execute cloud user/final scripts.
[[0;32m  OK  [0m] Reached target Cloud-init target.
         Starting Daily apt download activities...
[[0;32m  OK  [0m] Stopped Wait for Network to be Configured.
         Stopping Network Service...
[[0;32m  OK  [0m] Stopped Network Service.
         Starting Network Service...
[[0;32m  OK  [0m] Started Network Service.
         Stopping User Manager for UID 1000...
[[0;32m  OK  [0m] Stopped User Manager for UID 1000.
[[0;32m  OK  [0m] Removed slice User Slice of vagrant.

Ubuntu 18.04.1 LTS ubuntu-bionic ttyS0

ubuntu-bionic login: 